teamkit-ui/build/intermediates/manifest_merge_blame_file/debug/manifest-merger-blame-debug-report.txt
1<?xml version="1.0" encoding="utf-8"?>
2<!--
3  ~ Copyright (c) 2022 NetEase, Inc. All rights reserved.
4  ~ Use of this source code is governed by a MIT license that can be
5  ~ found in the LICENSE file.
6-->
7<manifest xmlns:android="http://schemas.android.com/apk/res/android"
8    xmlns:tools="http://schemas.android.com/tools"
9    package="com.netease.yunxin.kit.teamkit.ui" >
10
11    <uses-sdk android:minSdkVersion="21" />
11-->src\main\AndroidManifest.xml
12
13    <uses-permission android:name="android.permission.ACCESS_NETWORK_STATE" />
13-->src\main\AndroidManifest.xml:10:5-79
13-->src\main\AndroidManifest.xml:10:22-76
14
15    <application>
15-->src\main\AndroidManifest.xml:11:5-111:19
16        <provider
16-->src\main\AndroidManifest.xml:12:9-20:20
17            android:name="com.netease.yunxin.kit.corekit.startup.InitializationProvider"
17-->src\main\AndroidManifest.xml:13:13-89
18            android:authorities="${applicationId}.xkit-startup"
18-->src\main\AndroidManifest.xml:14:13-64
19            android:exported="false"
19-->src\main\AndroidManifest.xml:15:13-37
20            tools:node="merge" >
20-->src\main\AndroidManifest.xml:16:13-31
21            <meta-data
21-->src\main\AndroidManifest.xml:17:13-19:48
22                android:name="com.netease.yunxin.kit.teamkit.ui.TeamUIService"
22-->src\main\AndroidManifest.xml:18:17-79
23                android:value="xkit.startup" />
23-->src\main\AndroidManifest.xml:19:17-45
24        </provider>
25
26        <activity
26-->src\main\AndroidManifest.xml:22:9-24:52
27            android:name="com.netease.yunxin.kit.teamkit.ui.normal.activity.TeamSettingActivity"
27-->src\main\AndroidManifest.xml:23:13-64
28            android:screenOrientation="portrait" />
28-->src\main\AndroidManifest.xml:24:13-49
29        <activity
29-->src\main\AndroidManifest.xml:25:9-27:52
30            android:name="com.netease.yunxin.kit.teamkit.ui.fun.activity.FunTeamForbiddenMemberListActivity"
30-->src\main\AndroidManifest.xml:26:13-76
31            android:screenOrientation="portrait" />
31-->src\main\AndroidManifest.xml:27:13-49
32        <activity
32-->src\main\AndroidManifest.xml:29:9-31:52
33            android:name="com.netease.yunxin.kit.teamkit.ui.normal.activity.TeamInfoActivity"
33-->src\main\AndroidManifest.xml:30:13-61
34            android:screenOrientation="portrait" />
34-->src\main\AndroidManifest.xml:31:13-49
35        <activity
35-->src\main\AndroidManifest.xml:33:9-35:52
36            android:name="com.netease.yunxin.kit.teamkit.ui.normal.activity.TeamUpdateNicknameActivity"
36-->src\main\AndroidManifest.xml:34:13-71
37            android:screenOrientation="portrait" />
37-->src\main\AndroidManifest.xml:35:13-49
38        <activity
38-->src\main\AndroidManifest.xml:37:9-39:52
39            android:name="com.netease.yunxin.kit.teamkit.ui.normal.activity.TeamMemberListActivity"
39-->src\main\AndroidManifest.xml:38:13-67
40            android:screenOrientation="portrait" />
40-->src\main\AndroidManifest.xml:39:13-49
41        <activity
41-->src\main\AndroidManifest.xml:41:9-43:52
42            android:name="com.netease.yunxin.kit.teamkit.ui.normal.activity.TeamUpdateIconActivity"
42-->src\main\AndroidManifest.xml:42:13-67
43            android:screenOrientation="portrait" />
43-->src\main\AndroidManifest.xml:43:13-49
44        <activity
44-->src\main\AndroidManifest.xml:45:9-47:52
45            android:name="com.netease.yunxin.kit.teamkit.ui.normal.activity.TeamUpdateNameActivity"
45-->src\main\AndroidManifest.xml:46:13-67
46            android:screenOrientation="portrait" />
46-->src\main\AndroidManifest.xml:47:13-49
47        <activity
47-->src\main\AndroidManifest.xml:49:9-51:52
48            android:name="com.netease.yunxin.kit.teamkit.ui.normal.activity.TeamUpdateIntroduceActivity"
48-->src\main\AndroidManifest.xml:50:13-72
49            android:screenOrientation="portrait" />
49-->src\main\AndroidManifest.xml:51:13-49
50        <activity
50-->src\main\AndroidManifest.xml:53:9-54:51
51            android:name="com.netease.yunxin.kit.teamkit.ui.normal.activity.TeamManagerActivity"
51-->src\main\AndroidManifest.xml:53:19-70
52            android:screenOrientation="portrait" />
52-->src\main\AndroidManifest.xml:54:13-49
53        <activity
53-->src\main\AndroidManifest.xml:55:9-56:51
54            android:name="com.netease.yunxin.kit.teamkit.ui.normal.activity.TeamManagerListActivity"
54-->src\main\AndroidManifest.xml:55:19-74
55            android:screenOrientation="portrait" />
55-->src\main\AndroidManifest.xml:56:13-49
56        <activity
56-->src\main\AndroidManifest.xml:57:9-58:51
57            android:name="com.netease.yunxin.kit.teamkit.ui.normal.activity.TeamMemberSelectActivity"
57-->src\main\AndroidManifest.xml:57:19-75
58            android:screenOrientation="portrait" />
58-->src\main\AndroidManifest.xml:58:13-49
59
60        <!-- fun版 Activity注册 -->
61        <activity
61-->src\main\AndroidManifest.xml:61:9-63:52
62            android:name="com.netease.yunxin.kit.teamkit.ui.fun.activity.FunTeamSettingActivity"
62-->src\main\AndroidManifest.xml:62:13-64
63            android:screenOrientation="portrait" />
63-->src\main\AndroidManifest.xml:63:13-49
64        <!-- fun版 Activity注册 -->
65        <activity
65-->src\main\AndroidManifest.xml:65:9-67:52
66            android:name="com.netease.yunxin.kit.teamkit.ui.fun.activity.FunTeamSettingNewActivity"
66-->src\main\AndroidManifest.xml:66:13-67
67            android:screenOrientation="portrait" />
67-->src\main\AndroidManifest.xml:67:13-49
68        <activity
68-->src\main\AndroidManifest.xml:69:9-71:52
69            android:name="com.netease.yunxin.kit.teamkit.ui.fun.activity.FunTeamInfoActivity"
69-->src\main\AndroidManifest.xml:70:13-61
70            android:screenOrientation="portrait" />
70-->src\main\AndroidManifest.xml:71:13-49
71        <activity
71-->src\main\AndroidManifest.xml:73:9-75:52
72            android:name="com.netease.yunxin.kit.teamkit.ui.fun.activity.FunTeamUpdateNicknameActivity"
72-->src\main\AndroidManifest.xml:74:13-71
73            android:screenOrientation="portrait" />
73-->src\main\AndroidManifest.xml:75:13-49
74        <activity
74-->src\main\AndroidManifest.xml:77:9-79:52
75            android:name="com.netease.yunxin.kit.teamkit.ui.fun.activity.FunTeamMemberListActivity"
75-->src\main\AndroidManifest.xml:78:13-67
76            android:screenOrientation="portrait" />
76-->src\main\AndroidManifest.xml:79:13-49
77        <activity
77-->src\main\AndroidManifest.xml:81:9-83:52
78            android:name="com.netease.yunxin.kit.teamkit.ui.fun.activity.FunTeamUpdateIconActivity"
78-->src\main\AndroidManifest.xml:82:13-67
79            android:screenOrientation="portrait" />
79-->src\main\AndroidManifest.xml:83:13-49
80        <activity
80-->src\main\AndroidManifest.xml:85:9-87:52
81            android:name="com.netease.yunxin.kit.teamkit.ui.fun.activity.FunTeamUpdateNameActivity"
81-->src\main\AndroidManifest.xml:86:13-67
82            android:screenOrientation="portrait" />
82-->src\main\AndroidManifest.xml:87:13-49
83        <activity
83-->src\main\AndroidManifest.xml:89:9-91:52
84            android:name="com.netease.yunxin.kit.teamkit.ui.fun.activity.FunTeamUpdateIntroduceActivity"
84-->src\main\AndroidManifest.xml:90:13-72
85            android:screenOrientation="portrait" />
85-->src\main\AndroidManifest.xml:91:13-49
86        <activity
86-->src\main\AndroidManifest.xml:93:9-94:51
87            android:name="com.netease.yunxin.kit.teamkit.ui.fun.activity.FunTeamManagerActivity"
87-->src\main\AndroidManifest.xml:93:19-70
88            android:screenOrientation="portrait" />
88-->src\main\AndroidManifest.xml:94:13-49
89        <activity
89-->src\main\AndroidManifest.xml:96:9-97:51
90            android:name="com.netease.yunxin.kit.teamkit.ui.fun.activity.FunTeamManagerListActivity"
90-->src\main\AndroidManifest.xml:96:19-74
91            android:screenOrientation="portrait" />
91-->src\main\AndroidManifest.xml:97:13-49
92        <activity
92-->src\main\AndroidManifest.xml:98:9-99:51
93            android:name="com.netease.yunxin.kit.teamkit.ui.fun.activity.FunTeamMemberSelectActivity"
93-->src\main\AndroidManifest.xml:98:19-75
94            android:screenOrientation="portrait" />
94-->src\main\AndroidManifest.xml:99:13-49
95        <activity
95-->src\main\AndroidManifest.xml:100:9-101:51
96            android:name="com.netease.yunxin.kit.teamkit.ui.fun.activity.ModifyInfoActivity"
96-->src\main\AndroidManifest.xml:100:19-66
97            android:screenOrientation="portrait" />
97-->src\main\AndroidManifest.xml:101:13-49
98        <activity
98-->src\main\AndroidManifest.xml:102:9-103:51
99            android:name="com.netease.yunxin.kit.teamkit.ui.fun.activity.FunTeamSettingNew_TeamUsersActivity"
99-->src\main\AndroidManifest.xml:102:19-83
100            android:screenOrientation="portrait" />
100-->src\main\AndroidManifest.xml:103:13-49
101        <activity
101-->src\main\AndroidManifest.xml:104:9-105:51
102            android:name="com.netease.yunxin.kit.teamkit.ui.fun.activity.FunTeamSetting_GroupManagerActivity"
102-->src\main\AndroidManifest.xml:104:19-83
103            android:screenOrientation="portrait" />
103-->src\main\AndroidManifest.xml:105:13-49
104        <activity
104-->src\main\AndroidManifest.xml:106:9-107:51
105            android:name="com.netease.yunxin.kit.teamkit.ui.fun.activity.FunTeamSettingNew_ForbiddenListActivity"
105-->src\main\AndroidManifest.xml:106:19-87
106            android:screenOrientation="portrait" />
106-->src\main\AndroidManifest.xml:107:13-49
107        <activity
107-->src\main\AndroidManifest.xml:108:9-109:51
108            android:name="com.netease.yunxin.kit.teamkit.ui.fun.activity.FunTeamUserInfoDetailActivity"
108-->src\main\AndroidManifest.xml:108:19-77
109            android:screenOrientation="portrait" />
109-->src\main\AndroidManifest.xml:109:13-49
110    </application>
111
112</manifest>